#
# There is insufficient memory for the Java Runtime Environment to continue.
# Native memory allocation (malloc) failed to allocate 969936 bytes for Chunk::new
# Possible reasons:
#   The system is out of physical RAM or swap space
#   The process is running with CompressedOops enabled, and the Java Heap may be blocking the growth of the native heap
# Possible solutions:
#   Reduce memory load on the system
#   Increase physical memory or swap space
#   Check if swap backing store is full
#   Decrease Java heap size (-Xmx/-Xms)
#   Decrease number of Java threads
#   Decrease Java thread stack sizes (-Xss)
#   Set larger code cache with -XX:ReservedCodeCacheSize=
#   JVM is running with Unscaled Compressed Oops mode in which the Java heap is
#     placed in the first 4GB address space. The Java Heap base address is the
#     maximum limit for the native heap growth. Please use -XX:HeapBaseMinAddress
#     to set the Java Heap base and to place the Java Heap above 4GB virtual address.
# This output file may be truncated or incomplete.
#
#  Out of Memory Error (arena.cpp:168), pid=2296, tid=12084
#
# JRE version: Java(TM) SE Runtime Environment (21.0.4+8) (build 21.0.4+8-LTS-274)
# Java VM: Java HotSpot(TM) 64-Bit Server VM (21.0.4+8-LTS-274, mixed mode, sharing, tiered, compressed oops, compressed class ptrs, g1 gc, windows-amd64)
# No core dump will be written. Minidumps are not enabled by default on client versions of Windows
#

---------------  S U M M A R Y ------------

Command Line: -XX:+ShowCodeDetailsInExceptionMessages com.example.springrestapp.SpringrestappApplication

Host: Intel(R) Core(TM) i3-10110U CPU @ 2.10GHz, 4 cores, 3G,  Windows 11 , 64 bit Build 26100 (10.0.26100.4202)
Time: Fri Jun 13 10:15:19 2025 India Standard Time elapsed time: 20.333332 seconds (0d 0h 0m 20s)

---------------  T H R E A D  ---------------

Current thread (0x000001ffd016a5d0):  JavaThread "C2 CompilerThread0" daemon [_thread_in_native, id=12084, stack(0x000000c234400000,0x000000c234500000) (1024K)]


Current CompileTask:
C2:  20333 5286       4       org.springframework.core.annotation.TypeMappedAnnotations::get (52 bytes)

Stack: [0x000000c234400000,0x000000c234500000]
Native frames: (J=compiled Java code, j=interpreted, Vv=VM code, C=native code)
V  [jvm.dll+0x6c8e59]
V  [jvm.dll+0x853181]
V  [jvm.dll+0x8556ae]
V  [jvm.dll+0x855d83]
V  [jvm.dll+0x27d526]
V  [jvm.dll+0xc4aad]
V  [jvm.dll+0xc4fe3]
V  [jvm.dll+0x2f038f]
V  [jvm.dll+0x5f406a]
V  [jvm.dll+0x24f102]
V  [jvm.dll+0x247db6]
V  [jvm.dll+0x245754]
V  [jvm.dll+0x1c69de]
V  [jvm.dll+0x254d49]
V  [jvm.dll+0x2532da]
V  [jvm.dll+0x3ed426]
V  [jvm.dll+0x7fd65b]
V  [jvm.dll+0x6c753d]
C  [ucrtbase.dll+0x37b0]
C  [KERNEL32.DLL+0x2e8d7]
C  [ntdll.dll+0x3c34c]


---------------  P R O C E S S  ---------------

Threads class SMR info:
_java_thread_list=0x000001ffd765d9c0, length=17, elements={
0x000001fff22e86f0, 0x000001ffd0146d40, 0x000001ffd01496d0, 0x000001ffd0151350,
0x000001ffd0151f60, 0x000001ffd0153cd0, 0x000001ffd015c8f0, 0x000001ffd016a5d0,
0x000001ffd016f5f0, 0x000001ffd03d2550, 0x000001ffd03e0f90, 0x000001ffd6b1b230,
0x000001ffd6b1b8a0, 0x000001ffd7004070, 0x000001ffd6b18020, 0x000001ffd6f6adc0,
0x000001ffd6f6b450
}

Java Threads: ( => current thread )
  0x000001fff22e86f0 JavaThread "main"                              [_thread_in_Java, id=11844, stack(0x000000c233600000,0x000000c233700000) (1024K)]
  0x000001ffd0146d40 JavaThread "Reference Handler"          daemon [_thread_blocked, id=7080, stack(0x000000c233e00000,0x000000c233f00000) (1024K)]
  0x000001ffd01496d0 JavaThread "Finalizer"                  daemon [_thread_blocked, id=15824, stack(0x000000c233f00000,0x000000c234000000) (1024K)]
  0x000001ffd0151350 JavaThread "Signal Dispatcher"          daemon [_thread_blocked, id=16736, stack(0x000000c234000000,0x000000c234100000) (1024K)]
  0x000001ffd0151f60 JavaThread "Attach Listener"            daemon [_thread_blocked, id=11212, stack(0x000000c234100000,0x000000c234200000) (1024K)]
  0x000001ffd0153cd0 JavaThread "Service Thread"             daemon [_thread_blocked, id=13748, stack(0x000000c234200000,0x000000c234300000) (1024K)]
  0x000001ffd015c8f0 JavaThread "Monitor Deflation Thread"   daemon [_thread_blocked, id=17380, stack(0x000000c234300000,0x000000c234400000) (1024K)]
=>0x000001ffd016a5d0 JavaThread "C2 CompilerThread0"         daemon [_thread_in_native, id=12084, stack(0x000000c234400000,0x000000c234500000) (1024K)]
  0x000001ffd016f5f0 JavaThread "C1 CompilerThread0"         daemon [_thread_blocked, id=8668, stack(0x000000c234500000,0x000000c234600000) (1024K)]
  0x000001ffd03d2550 JavaThread "Notification Thread"        daemon [_thread_blocked, id=10016, stack(0x000000c234600000,0x000000c234700000) (1024K)]
  0x000001ffd03e0f90 JavaThread "Common-Cleaner"             daemon [_thread_blocked, id=2664, stack(0x000000c234700000,0x000000c234800000) (1024K)]
  0x000001ffd6b1b230 JavaThread "Catalina-utility-1"                [_thread_blocked, id=5632, stack(0x000000c234b00000,0x000000c234c00000) (1024K)]
  0x000001ffd6b1b8a0 JavaThread "Catalina-utility-2"                [_thread_blocked, id=8276, stack(0x000000c234c00000,0x000000c234d00000) (1024K)]
  0x000001ffd7004070 JavaThread "container-0"                       [_thread_blocked, id=16504, stack(0x000000c234d00000,0x000000c234e00000) (1024K)]
  0x000001ffd6b18020 JavaThread "mysql-cj-abandoned-connection-cleanup" daemon [_thread_blocked, id=2300, stack(0x000000c234e00000,0x000000c234f00000) (1024K)]
  0x000001ffd6f6adc0 JavaThread "HikariPool-1:housekeeper"   daemon [_thread_blocked, id=13908, stack(0x000000c235000000,0x000000c235100000) (1024K)]
  0x000001ffd6f6b450 JavaThread "HikariPool-1:connection-adder" daemon [_thread_blocked, id=3544, stack(0x000000c235100000,0x000000c235200000) (1024K)]
Total: 17

Other Threads:
  0x000001ffd0126d30 VMThread "VM Thread"                           [id=13492, stack(0x000000c233d00000,0x000000c233e00000) (1024K)]
  0x000001fff4573400 WatcherThread "VM Periodic Task Thread"        [id=15432, stack(0x000000c233c00000,0x000000c233d00000) (1024K)]
  0x000001fff44f7b50 WorkerThread "GC Thread#0"                     [id=2308, stack(0x000000c233700000,0x000000c233800000) (1024K)]
  0x000001ffd0ccf120 WorkerThread "GC Thread#1"                     [id=12392, stack(0x000000c234800000,0x000000c234900000) (1024K)]
  0x000001ffd0e06b00 WorkerThread "GC Thread#2"                     [id=12796, stack(0x000000c234900000,0x000000c234a00000) (1024K)]
  0x000001ffd0d0b6a0 WorkerThread "GC Thread#3"                     [id=13636, stack(0x000000c234a00000,0x000000c234b00000) (1024K)]
  0x000001fff4500630 ConcurrentGCThread "G1 Main Marker"            [id=14284, stack(0x000000c233800000,0x000000c233900000) (1024K)]
  0x000001fff4501940 WorkerThread "G1 Conc#0"                       [id=4064, stack(0x000000c233900000,0x000000c233a00000) (1024K)]
  0x000001fff45598e0 ConcurrentGCThread "G1 Refine#0"               [id=13264, stack(0x000000c233a00000,0x000000c233b00000) (1024K)]
  0x000001fff455bd00 ConcurrentGCThread "G1 Service"                [id=10260, stack(0x000000c233b00000,0x000000c233c00000) (1024K)]
Total: 10

Threads with active compile tasks:
C2 CompilerThread0    20370 5286       4       org.springframework.core.annotation.TypeMappedAnnotations::get (52 bytes)
Total: 1

VM state: not at safepoint (normal execution)

VM Mutex/Monitor currently owned by a thread: None

Heap address: 0x00000000c2800000, size: 984 MB, Compressed Oops mode: 32-bit

CDS archive(s) mapped at: [0x000001ff8f000000-0x000001ff8fc90000-0x000001ff8fc90000), size 13172736, SharedBaseAddress: 0x000001ff8f000000, ArchiveRelocationMode: 1.
Compressed class space mapped at: 0x000001ff90000000-0x000001ffd0000000, reserved size: 1073741824
Narrow klass base: 0x000001ff8f000000, Narrow klass shift: 0, Narrow klass range: 0x100000000

GC Precious Log:
 CardTable entry size: 512
 Card Set container configuration: InlinePtr #cards 5 size 8 Array Of Cards #cards 12 size 40 Howl #buckets 4 coarsen threshold 1843 Howl Bitmap #cards 512 size 80 coarsen threshold 460 Card regions per heap region 1 cards per card region 2048
 CPUs: 4 total, 4 available
 Memory: 3930M
 Large Page Support: Disabled
 NUMA Support: Disabled
 Compressed Oops: Enabled (32-bit)
 Heap Region Size: 1M
 Heap Min Capacity: 8M
 Heap Initial Capacity: 62M
 Heap Max Capacity: 984M
 Pre-touch: Disabled
 Parallel Workers: 4
 Concurrent Workers: 1
 Concurrent Refinement Workers: 4
 Periodic GC: Disabled

Heap:
 garbage-first heap   total 51200K, used 34404K [0x00000000c2800000, 0x0000000100000000)
  region size 1024K, 13 young (13312K), 2 survivors (2048K)
 Metaspace       used 61661K, committed 62144K, reserved 1114112K
  class space    used 8295K, committed 8512K, reserved 1048576K

Heap Regions: E=young(eden), S=young(survivor), O=old, HS=humongous(starts), HC=humongous(continues), CS=collection set, F=free, TAMS=top-at-mark-start, PB=parsable bottom
|   0|0x00000000c2800000, 0x00000000c2900000, 0x00000000c2900000|100%|HS|  |TAMS 0x00000000c2800000| PB 0x00000000c2800000| Complete 
|   1|0x00000000c2900000, 0x00000000c2a00000, 0x00000000c2a00000|100%|HS|  |TAMS 0x00000000c2900000| PB 0x00000000c2900000| Complete 
|   2|0x00000000c2a00000, 0x00000000c2b00000, 0x00000000c2b00000|100%| O|  |TAMS 0x00000000c2a00000| PB 0x00000000c2a00000| Untracked 
|   3|0x00000000c2b00000, 0x00000000c2c00000, 0x00000000c2c00000|100%| O|  |TAMS 0x00000000c2b00000| PB 0x00000000c2b00000| Untracked 
|   4|0x00000000c2c00000, 0x00000000c2d00000, 0x00000000c2d00000|100%| O|  |TAMS 0x00000000c2c00000| PB 0x00000000c2c00000| Untracked 
|   5|0x00000000c2d00000, 0x00000000c2e00000, 0x00000000c2e00000|100%| O|  |TAMS 0x00000000c2d00000| PB 0x00000000c2d00000| Untracked 
|   6|0x00000000c2e00000, 0x00000000c2f00000, 0x00000000c2f00000|100%| O|  |TAMS 0x00000000c2e00000| PB 0x00000000c2e00000| Untracked 
|   7|0x00000000c2f00000, 0x00000000c3000000, 0x00000000c3000000|100%| O|  |TAMS 0x00000000c2f00000| PB 0x00000000c2f00000| Untracked 
|   8|0x00000000c3000000, 0x00000000c3100000, 0x00000000c3100000|100%| O|  |TAMS 0x00000000c3000000| PB 0x00000000c3000000| Untracked 
|   9|0x00000000c3100000, 0x00000000c3200000, 0x00000000c3200000|100%| O|  |TAMS 0x00000000c3100000| PB 0x00000000c3100000| Untracked 
|  10|0x00000000c3200000, 0x00000000c3300000, 0x00000000c3300000|100%| O|  |TAMS 0x00000000c3200000| PB 0x00000000c3200000| Untracked 
|  11|0x00000000c3300000, 0x00000000c3400000, 0x00000000c3400000|100%| O|  |TAMS 0x00000000c3300000| PB 0x00000000c3300000| Untracked 
|  12|0x00000000c3400000, 0x00000000c3500000, 0x00000000c3500000|100%| O|  |TAMS 0x00000000c3400000| PB 0x00000000c3400000| Untracked 
|  13|0x00000000c3500000, 0x00000000c3600000, 0x00000000c3600000|100%| O|  |TAMS 0x00000000c3500000| PB 0x00000000c3500000| Untracked 
|  14|0x00000000c3600000, 0x00000000c3700000, 0x00000000c3700000|100%| O|  |TAMS 0x00000000c3600000| PB 0x00000000c3600000| Untracked 
|  15|0x00000000c3700000, 0x00000000c3800000, 0x00000000c3800000|100%| O|  |TAMS 0x00000000c3700000| PB 0x00000000c3700000| Untracked 
|  16|0x00000000c3800000, 0x00000000c3900000, 0x00000000c3900000|100%| O|  |TAMS 0x00000000c3800000| PB 0x00000000c3800000| Untracked 
|  17|0x00000000c3900000, 0x00000000c3a00000, 0x00000000c3a00000|100%| O|Cm|TAMS 0x00000000c3900000| PB 0x00000000c3900000| Complete 
|  18|0x00000000c3a00000, 0x00000000c3b00000, 0x00000000c3b00000|100%| O|  |TAMS 0x00000000c3a00000| PB 0x00000000c3a00000| Untracked 
|  19|0x00000000c3b00000, 0x00000000c3c00000, 0x00000000c3c00000|100%| O|  |TAMS 0x00000000c3b00000| PB 0x00000000c3b00000| Untracked 
|  20|0x00000000c3c00000, 0x00000000c3d00000, 0x00000000c3d00000|100%| O|  |TAMS 0x00000000c3c00000| PB 0x00000000c3c00000| Untracked 
|  21|0x00000000c3d00000, 0x00000000c3e00000, 0x00000000c3e00000|100%| O|  |TAMS 0x00000000c3d00000| PB 0x00000000c3d00000| Untracked 
|  22|0x00000000c3e00000, 0x00000000c3f00000, 0x00000000c3f00000|100%| O|  |TAMS 0x00000000c3e00000| PB 0x00000000c3e00000| Untracked 
|  23|0x00000000c3f00000, 0x00000000c3f19a58, 0x00000000c4000000| 10%| O|  |TAMS 0x00000000c3f00000| PB 0x00000000c3f00000| Untracked 
|  24|0x00000000c4000000, 0x00000000c4000000, 0x00000000c4100000|  0%| F|  |TAMS 0x00000000c4000000| PB 0x00000000c4000000| Untracked 
|  25|0x00000000c4100000, 0x00000000c4100000, 0x00000000c4200000|  0%| F|  |TAMS 0x00000000c4100000| PB 0x00000000c4100000| Untracked 
|  26|0x00000000c4200000, 0x00000000c4200000, 0x00000000c4300000|  0%| F|  |TAMS 0x00000000c4200000| PB 0x00000000c4200000| Untracked 
|  27|0x00000000c4300000, 0x00000000c4300000, 0x00000000c4400000|  0%| F|  |TAMS 0x00000000c4300000| PB 0x00000000c4300000| Untracked 
|  28|0x00000000c4400000, 0x00000000c4400000, 0x00000000c4500000|  0%| F|  |TAMS 0x00000000c4400000| PB 0x00000000c4400000| Untracked 
|  29|0x00000000c4500000, 0x00000000c4500000, 0x00000000c4600000|  0%| F|  |TAMS 0x00000000c4500000| PB 0x00000000c4500000| Untracked 
|  30|0x00000000c4600000, 0x00000000c4600000, 0x00000000c4700000|  0%| F|  |TAMS 0x00000000c4600000| PB 0x00000000c4600000| Untracked 
|  31|0x00000000c4700000, 0x00000000c4700000, 0x00000000c4800000|  0%| F|  |TAMS 0x00000000c4700000| PB 0x00000000c4700000| Untracked 
|  32|0x00000000c4800000, 0x00000000c4800000, 0x00000000c4900000|  0%| F|  |TAMS 0x00000000c4800000| PB 0x00000000c4800000| Untracked 
|  33|0x00000000c4900000, 0x00000000c4900000, 0x00000000c4a00000|  0%| F|  |TAMS 0x00000000c4900000| PB 0x00000000c4900000| Untracked 
|  34|0x00000000c4a00000, 0x00000000c4a00000, 0x00000000c4b00000|  0%| F|  |TAMS 0x00000000c4a00000| PB 0x00000000c4a00000| Untracked 
|  35|0x00000000c4b00000, 0x00000000c4b7f7d8, 0x00000000c4c00000| 49%| S|CS|TAMS 0x00000000c4b00000| PB 0x00000000c4b00000| Complete 
|  36|0x00000000c4c00000, 0x00000000c4d00000, 0x00000000c4d00000|100%| S|CS|TAMS 0x00000000c4c00000| PB 0x00000000c4c00000| Complete 
|  37|0x00000000c4d00000, 0x00000000c4d00000, 0x00000000c4e00000|  0%| F|  |TAMS 0x00000000c4d00000| PB 0x00000000c4d00000| Untracked 
|  38|0x00000000c4e00000, 0x00000000c4e00000, 0x00000000c4f00000|  0%| F|  |TAMS 0x00000000c4e00000| PB 0x00000000c4e00000| Untracked 
|  39|0x00000000c4f00000, 0x00000000c4f6fbd8, 0x00000000c5000000| 43%| E|  |TAMS 0x00000000c4f00000| PB 0x00000000c4f00000| Complete 
|  40|0x00000000c5000000, 0x00000000c5100000, 0x00000000c5100000|100%| E|  |TAMS 0x00000000c5000000| PB 0x00000000c5000000| Complete 
|  41|0x00000000c5100000, 0x00000000c5200000, 0x00000000c5200000|100%| E|CS|TAMS 0x00000000c5100000| PB 0x00000000c5100000| Complete 
|  42|0x00000000c5200000, 0x00000000c5300000, 0x00000000c5300000|100%| E|CS|TAMS 0x00000000c5200000| PB 0x00000000c5200000| Complete 
|  43|0x00000000c5300000, 0x00000000c5400000, 0x00000000c5400000|100%| E|CS|TAMS 0x00000000c5300000| PB 0x00000000c5300000| Complete 
|  44|0x00000000c5400000, 0x00000000c5500000, 0x00000000c5500000|100%| E|CS|TAMS 0x00000000c5400000| PB 0x00000000c5400000| Complete 
|  45|0x00000000c5500000, 0x00000000c5600000, 0x00000000c5600000|100%| E|CS|TAMS 0x00000000c5500000| PB 0x00000000c5500000| Complete 
|  46|0x00000000c5600000, 0x00000000c5700000, 0x00000000c5700000|100%| E|CS|TAMS 0x00000000c5600000| PB 0x00000000c5600000| Complete 
|  47|0x00000000c5700000, 0x00000000c5800000, 0x00000000c5800000|100%| E|CS|TAMS 0x00000000c5700000| PB 0x00000000c5700000| Complete 
|  48|0x00000000c5800000, 0x00000000c5900000, 0x00000000c5900000|100%| E|CS|TAMS 0x00000000c5800000| PB 0x00000000c5800000| Complete 
|  61|0x00000000c6500000, 0x00000000c6600000, 0x00000000c6600000|100%| E|CS|TAMS 0x00000000c6500000| PB 0x00000000c6500000| Complete 

Card table byte_map: [0x000001fffcb20000,0x000001fffcd10000] _byte_map_base: 0x000001fffc50c000

Marking Bits: (CMBitMap*) 0x000001fff44f8250
 Bits: [0x000001fffcd10000, 0x000001fffdc70000)

Polling page: 0x000001fff2440000

Metaspace:

Usage:
  Non-class:     52.12 MB used.
      Class:      8.10 MB used.
       Both:     60.22 MB used.

Virtual space:
  Non-class space:       64.00 MB reserved,      52.38 MB ( 82%) committed,  1 nodes.
      Class space:        1.00 GB reserved,       8.31 MB ( <1%) committed,  1 nodes.
             Both:        1.06 GB reserved,      60.69 MB (  6%) committed. 

Chunk freelists:
   Non-Class:  11.44 MB
       Class:  7.69 MB
        Both:  19.12 MB

MaxMetaspaceSize: unlimited
CompressedClassSpaceSize: 1.00 GB
Initial GC threshold: 21.00 MB
Current GC threshold: 98.69 MB
CDS: on
 - commit_granule_bytes: 65536.
 - commit_granule_words: 8192.
 - virtual_space_node_default_size: 8388608.
 - enlarge_chunks_in_place: 1.
 - use_allocation_guard: 0.


Internal statistics:

num_allocs_failed_limit: 9.
num_arena_births: 794.
num_arena_deaths: 0.
num_vsnodes_births: 2.
num_vsnodes_deaths: 0.
num_space_committed: 971.
num_space_uncommitted: 0.
num_chunks_returned_to_freelist: 9.
num_chunks_taken_from_freelist: 2840.
num_chunk_merges: 9.
num_chunk_splits: 2099.
num_chunks_enlarged: 1672.
num_inconsistent_stats: 0.

CodeHeap 'non-profiled nmethods': size=120000Kb used=2543Kb max_used=2742Kb free=117456Kb
 bounds [0x000001ff87ad0000, 0x000001ff87d80000, 0x000001ff8f000000]
CodeHeap 'profiled nmethods': size=120000Kb used=9157Kb max_used=9699Kb free=110842Kb
 bounds [0x000001ff80000000, 0x000001ff80990000, 0x000001ff87530000]
CodeHeap 'non-nmethods': size=5760Kb used=1682Kb max_used=1702Kb free=4077Kb
 bounds [0x000001ff87530000, 0x000001ff877a0000, 0x000001ff87ad0000]
 total_blobs=5407 nmethods=4691 adapters=618
 compilation: enabled
              stopped_count=0, restarted_count=0
 full_count=0

Compilation events (20 events):
Event: 20.209 Thread 0x000001ffd016f5f0 5309       3       jdk.internal.org.objectweb.asm.Type::<init> (26 bytes)
Event: 20.209 Thread 0x000001ffd016f5f0 nmethod 5309 0x000001ff8037d010 code [0x000001ff8037d1a0, 0x000001ff8037d368]
Event: 20.210 Thread 0x000001ffd016f5f0 5310       3       java.lang.reflect.Method::equals (65 bytes)
Event: 20.210 Thread 0x000001ffd016f5f0 nmethod 5310 0x000001ff801d7790 code [0x000001ff801d7980, 0x000001ff801d8030]
Event: 20.216 Thread 0x000001ffd016f5f0 5312       2       org.springframework.core.convert.support.GenericConversionService$Converters::addToClassHierarchy (30 bytes)
Event: 20.216 Thread 0x000001ffd016f5f0 nmethod 5312 0x000001ff80222890 code [0x000001ff80222a60, 0x000001ff80222d38]
Event: 20.216 Thread 0x000001ffd016f5f0 5313       2       org.springframework.core.convert.support.GenericConversionService$Converters::addInterfacesToClassHierarchy (51 bytes)
Event: 20.217 Thread 0x000001ffd016f5f0 nmethod 5313 0x000001ff8051ee90 code [0x000001ff8051f0a0, 0x000001ff8051f4d0]
Event: 20.263 Thread 0x000001ffd016f5f0 5314       2       sun.reflect.generics.reflectiveObjects.WildcardTypeImpl::getUpperBounds (34 bytes)
Event: 20.263 Thread 0x000001ffd016f5f0 nmethod 5314 0x000001ff80197d10 code [0x000001ff80197ee0, 0x000001ff801981b8]
Event: 20.263 Thread 0x000001ffd016f5f0 5317       2       java.lang.reflect.Method::getGenericInfo (28 bytes)
Event: 20.264 Thread 0x000001ffd016f5f0 nmethod 5317 0x000001ff8061ae10 code [0x000001ff8061afe0, 0x000001ff8061b530]
Event: 20.264 Thread 0x000001ffd016f5f0 5315       2       sun.reflect.generics.reflectiveObjects.WildcardTypeImpl::getLowerBounds (34 bytes)
Event: 20.264 Thread 0x000001ffd016f5f0 nmethod 5315 0x000001ff8039f710 code [0x000001ff8039f8e0, 0x000001ff8039fbb8]
Event: 20.264 Thread 0x000001ffd016f5f0 5316       2       sun.reflect.generics.parser.SignatureParser::parseIdentifier (13 bytes)
Event: 20.264 Thread 0x000001ffd016f5f0 nmethod 5316 0x000001ff803c4510 code [0x000001ff803c46c0, 0x000001ff803c4828]
Event: 20.264 Thread 0x000001ffd016f5f0 5318       1       sun.reflect.generics.scope.AbstractScope::getRecvr (5 bytes)
Event: 20.264 Thread 0x000001ffd016f5f0 nmethod 5318 0x000001ff87ba6490 code [0x000001ff87ba6620, 0x000001ff87ba66e8]
Event: 20.276 Thread 0x000001ffd016f5f0 5319       2       java.util.WeakHashMap::getTable (9 bytes)
Event: 20.276 Thread 0x000001ffd016f5f0 nmethod 5319 0x000001ff800b6a10 code [0x000001ff800b6ba0, 0x000001ff800b6cd0]

GC Heap History (20 events):
Event: 4.868 GC heap before
{Heap before GC invocations=1 (full 0):
 garbage-first heap   total 63488K, used 20160K [0x00000000c2800000, 0x0000000100000000)
  region size 1024K, 15 young (15360K), 2 survivors (2048K)
 Metaspace       used 7082K, committed 7296K, reserved 1114112K
  class space    used 851K, committed 960K, reserved 1048576K
}
Event: 4.876 GC heap after
{Heap after GC invocations=2 (full 0):
 garbage-first heap   total 63488K, used 8326K [0x00000000c2800000, 0x0000000100000000)
  region size 1024K, 2 young (2048K), 2 survivors (2048K)
 Metaspace       used 7082K, committed 7296K, reserved 1114112K
  class space    used 851K, committed 960K, reserved 1048576K
}
Event: 9.428 GC heap before
{Heap before GC invocations=2 (full 0):
 garbage-first heap   total 63488K, used 34950K [0x00000000c2800000, 0x0000000100000000)
  region size 1024K, 29 young (29696K), 2 survivors (2048K)
 Metaspace       used 14596K, committed 14976K, reserved 1114112K
  class space    used 1939K, committed 2112K, reserved 1048576K
}
Event: 9.434 GC heap after
{Heap after GC invocations=3 (full 0):
 garbage-first heap   total 63488K, used 10234K [0x00000000c2800000, 0x0000000100000000)
  region size 1024K, 4 young (4096K), 4 survivors (4096K)
 Metaspace       used 14596K, committed 14976K, reserved 1114112K
  class space    used 1939K, committed 2112K, reserved 1048576K
}
Event: 10.752 GC heap before
{Heap before GC invocations=3 (full 0):
 garbage-first heap   total 63488K, used 38906K [0x00000000c2800000, 0x0000000100000000)
  region size 1024K, 34 young (34816K), 4 survivors (4096K)
 Metaspace       used 21143K, committed 21504K, reserved 1114112K
  class space    used 2685K, committed 2880K, reserved 1048576K
}
Event: 10.763 GC heap after
{Heap after GC invocations=4 (full 0):
 garbage-first heap   total 63488K, used 13794K [0x00000000c2800000, 0x0000000100000000)
  region size 1024K, 5 young (5120K), 5 survivors (5120K)
 Metaspace       used 21143K, committed 21504K, reserved 1114112K
  class space    used 2685K, committed 2880K, reserved 1048576K
}
Event: 12.122 GC heap before
{Heap before GC invocations=5 (full 0):
 garbage-first heap   total 51200K, used 39394K [0x00000000c2800000, 0x0000000100000000)
  region size 1024K, 30 young (30720K), 5 survivors (5120K)
 Metaspace       used 24833K, committed 25280K, reserved 1114112K
  class space    used 3190K, committed 3392K, reserved 1048576K
}
Event: 12.138 GC heap after
{Heap after GC invocations=6 (full 0):
 garbage-first heap   total 51200K, used 15789K [0x00000000c2800000, 0x0000000100000000)
  region size 1024K, 3 young (3072K), 3 survivors (3072K)
 Metaspace       used 24833K, committed 25280K, reserved 1114112K
  class space    used 3190K, committed 3392K, reserved 1048576K
}
Event: 13.562 GC heap before
{Heap before GC invocations=6 (full 0):
 garbage-first heap   total 51200K, used 39341K [0x00000000c2800000, 0x0000000100000000)
  region size 1024K, 26 young (26624K), 3 survivors (3072K)
 Metaspace       used 30095K, committed 30592K, reserved 1114112K
  class space    used 3886K, committed 4096K, reserved 1048576K
}
Event: 13.574 GC heap after
{Heap after GC invocations=7 (full 0):
 garbage-first heap   total 51200K, used 18212K [0x00000000c2800000, 0x0000000100000000)
  region size 1024K, 3 young (3072K), 3 survivors (3072K)
 Metaspace       used 30095K, committed 30592K, reserved 1114112K
  class space    used 3886K, committed 4096K, reserved 1048576K
}
Event: 14.712 GC heap before
{Heap before GC invocations=7 (full 0):
 garbage-first heap   total 51200K, used 38692K [0x00000000c2800000, 0x0000000100000000)
  region size 1024K, 24 young (24576K), 3 survivors (3072K)
 Metaspace       used 35432K, committed 35968K, reserved 1114112K
  class space    used 4669K, committed 4928K, reserved 1048576K
}
Event: 14.718 GC heap after
{Heap after GC invocations=8 (full 0):
 garbage-first heap   total 51200K, used 20002K [0x00000000c2800000, 0x0000000100000000)
  region size 1024K, 2 young (2048K), 2 survivors (2048K)
 Metaspace       used 35432K, committed 35968K, reserved 1114112K
  class space    used 4669K, committed 4928K, reserved 1048576K
}
Event: 16.877 GC heap before
{Heap before GC invocations=9 (full 0):
 garbage-first heap   total 51200K, used 42530K [0x00000000c2800000, 0x0000000100000000)
  region size 1024K, 24 young (24576K), 2 survivors (2048K)
 Metaspace       used 45172K, committed 45696K, reserved 1114112K
  class space    used 5932K, committed 6144K, reserved 1048576K
}
Event: 16.883 GC heap after
{Heap after GC invocations=10 (full 0):
 garbage-first heap   total 51200K, used 22465K [0x00000000c2800000, 0x0000000100000000)
  region size 1024K, 3 young (3072K), 3 survivors (3072K)
 Metaspace       used 45172K, committed 45696K, reserved 1114112K
  class space    used 5932K, committed 6144K, reserved 1048576K
}
Event: 18.379 GC heap before
{Heap before GC invocations=10 (full 0):
 garbage-first heap   total 51200K, used 40897K [0x00000000c2800000, 0x0000000100000000)
  region size 1024K, 22 young (22528K), 3 survivors (3072K)
 Metaspace       used 49506K, committed 50048K, reserved 1114112K
  class space    used 6503K, committed 6720K, reserved 1048576K
}
Event: 18.384 GC heap after
{Heap after GC invocations=11 (full 0):
 garbage-first heap   total 51200K, used 23836K [0x00000000c2800000, 0x0000000100000000)
  region size 1024K, 2 young (2048K), 2 survivors (2048K)
 Metaspace       used 49506K, committed 50048K, reserved 1114112K
  class space    used 6503K, committed 6720K, reserved 1048576K
}
Event: 19.377 GC heap before
{Heap before GC invocations=11 (full 0):
 garbage-first heap   total 51200K, used 42268K [0x00000000c2800000, 0x0000000100000000)
  region size 1024K, 21 young (21504K), 2 survivors (2048K)
 Metaspace       used 56120K, committed 56640K, reserved 1114112K
  class space    used 7504K, committed 7744K, reserved 1048576K
}
Event: 19.381 GC heap after
{Heap after GC invocations=12 (full 0):
 garbage-first heap   total 51200K, used 24740K [0x00000000c2800000, 0x0000000100000000)
  region size 1024K, 3 young (3072K), 3 survivors (3072K)
 Metaspace       used 56120K, committed 56640K, reserved 1114112K
  class space    used 7504K, committed 7744K, reserved 1048576K
}
Event: 19.844 GC heap before
{Heap before GC invocations=12 (full 0):
 garbage-first heap   total 51200K, used 37028K [0x00000000c2800000, 0x0000000100000000)
  region size 1024K, 16 young (16384K), 3 survivors (3072K)
 Metaspace       used 59736K, committed 60288K, reserved 1114112K
  class space    used 8050K, committed 8320K, reserved 1048576K
}
Event: 19.847 GC heap after
{Heap after GC invocations=13 (full 0):
 garbage-first heap   total 51200K, used 25188K [0x00000000c2800000, 0x0000000100000000)
  region size 1024K, 2 young (2048K), 2 survivors (2048K)
 Metaspace       used 59736K, committed 60288K, reserved 1114112K
  class space    used 8050K, committed 8320K, reserved 1048576K
}

Dll operation events (11 events):
Event: 0.088 Loaded shared library C:\Program Files\Java\jdk-21\bin\java.dll
Event: 0.276 Loaded shared library C:\Program Files\Java\jdk-21\bin\jsvml.dll
Event: 0.415 Loaded shared library C:\Program Files\Java\jdk-21\bin\net.dll
Event: 0.430 Loaded shared library C:\Program Files\Java\jdk-21\bin\nio.dll
Event: 0.442 Loaded shared library C:\Program Files\Java\jdk-21\bin\zip.dll
Event: 0.736 Loaded shared library C:\Program Files\Java\jdk-21\bin\jimage.dll
Event: 10.643 Loaded shared library C:\Program Files\Java\jdk-21\bin\sunmscapi.dll
Event: 13.410 Loaded shared library C:\Program Files\Java\jdk-21\bin\management.dll
Event: 13.417 Loaded shared library C:\Program Files\Java\jdk-21\bin\management_ext.dll
Event: 14.775 Loaded shared library C:\Program Files\Java\jdk-21\bin\verify.dll
Event: 15.666 Loaded shared library C:\Program Files\Java\jdk-21\bin\extnet.dll

Deoptimization events (20 events):
Event: 20.126 Thread 0x000001fff22e86f0 Uncommon trap: trap_request=0xffffff45 fr.pc=0x000001ff87cc2e10 relative=0x0000000000000390
Event: 20.126 Thread 0x000001fff22e86f0 Uncommon trap: reason=unstable_if action=reinterpret pc=0x000001ff87cc2e10 method=org.springframework.core.annotation.TypeMappedAnnotations$MergedAnnotationFinder.doWithAnnotations(Ljava/lang/Object;ILjava/lang/Object;[Ljava/lang/annotation/Annotation;)Lo
Event: 20.126 Thread 0x000001fff22e86f0 DEOPT PACKING pc=0x000001ff87cc2e10 sp=0x000000c2336fca40
Event: 20.126 Thread 0x000001fff22e86f0 DEOPT UNPACKING pc=0x000001ff875846a2 sp=0x000000c2336fc980 mode 2
Event: 20.132 Thread 0x000001fff22e86f0 Uncommon trap: trap_request=0xfffffff4 fr.pc=0x000001ff87d53dac relative=0x000000000000036c
Event: 20.132 Thread 0x000001fff22e86f0 Uncommon trap: reason=null_check action=make_not_entrant pc=0x000001ff87d53dac method=sun.invoke.util.VerifyType.isNullConversion(Ljava/lang/Class;Ljava/lang/Class;Z)Z @ 67 c2
Event: 20.133 Thread 0x000001fff22e86f0 DEOPT PACKING pc=0x000001ff87d53dac sp=0x000000c2336fbb40
Event: 20.133 Thread 0x000001fff22e86f0 DEOPT UNPACKING pc=0x000001ff875846a2 sp=0x000000c2336fbac0 mode 2
Event: 20.133 Thread 0x000001fff22e86f0 Uncommon trap: trap_request=0xffffff45 fr.pc=0x000001ff87d49100 relative=0x00000000000000e0
Event: 20.133 Thread 0x000001fff22e86f0 Uncommon trap: reason=unstable_if action=reinterpret pc=0x000001ff87d49100 method=java.lang.reflect.Method.equals(Ljava/lang/Object;)Z @ 45 c2
Event: 20.133 Thread 0x000001fff22e86f0 DEOPT PACKING pc=0x000001ff87d49100 sp=0x000000c2336fba50
Event: 20.133 Thread 0x000001fff22e86f0 DEOPT UNPACKING pc=0x000001ff875846a2 sp=0x000000c2336fb9d8 mode 2
Event: 20.162 Thread 0x000001fff22e86f0 Uncommon trap: trap_request=0xffffff45 fr.pc=0x000001ff87cd8e1c relative=0x00000000000001fc
Event: 20.162 Thread 0x000001fff22e86f0 Uncommon trap: reason=unstable_if action=reinterpret pc=0x000001ff87cd8e1c method=java.util.ArrayDeque.addLast(Ljava/lang/Object;)V @ 42 c2
Event: 20.162 Thread 0x000001fff22e86f0 DEOPT PACKING pc=0x000001ff87cd8e1c sp=0x000000c2336fc560
Event: 20.162 Thread 0x000001fff22e86f0 DEOPT UNPACKING pc=0x000001ff875846a2 sp=0x000000c2336fc4b8 mode 2
Event: 20.229 Thread 0x000001fff22e86f0 Uncommon trap: trap_request=0xffffff45 fr.pc=0x000001ff87b0d90c relative=0x00000000000009ec
Event: 20.229 Thread 0x000001fff22e86f0 Uncommon trap: reason=unstable_if action=reinterpret pc=0x000001ff87b0d90c method=java.util.WeakHashMap.put(Ljava/lang/Object;Ljava/lang/Object;)Ljava/lang/Object; @ 146 c2
Event: 20.229 Thread 0x000001fff22e86f0 DEOPT PACKING pc=0x000001ff87b0d90c sp=0x000000c2336fb4c0
Event: 20.229 Thread 0x000001fff22e86f0 DEOPT UNPACKING pc=0x000001ff875846a2 sp=0x000000c2336fb498 mode 2

Classes loaded (20 events):
Event: 18.601 Loading class sun/reflect/annotation/TypeAnnotation$TypeAnnotationTargetInfo
Event: 18.601 Loading class sun/reflect/annotation/TypeAnnotation$TypeAnnotationTargetInfo done
Event: 18.681 Loading class java/util/concurrent/CancellationException
Event: 18.681 Loading class java/util/concurrent/CancellationException done
Event: 19.244 Loading class java/util/ArrayList$ListItr
Event: 19.245 Loading class java/util/ArrayList$ListItr done
Event: 19.339 Loading class java/util/AbstractList$SubList
Event: 19.340 Loading class java/util/AbstractList$SubList done
Event: 19.521 Loading class java/lang/foreign/ValueLayout
Event: 19.521 Loading class java/lang/foreign/MemoryLayout
Event: 19.522 Loading class java/lang/foreign/MemoryLayout done
Event: 19.522 Loading class java/lang/foreign/ValueLayout done
Event: 19.531 Loading class jdk/internal/org/objectweb/asm/ClassReader
Event: 19.532 Loading class jdk/internal/org/objectweb/asm/ClassReader done
Event: 20.094 Loading class javax/naming/Reference
Event: 20.095 Loading class javax/naming/Reference done
Event: 20.139 Loading class java/lang/SafeVarargs
Event: 20.139 Loading class java/lang/SafeVarargs done
Event: 20.155 Loading class sun/reflect/generics/reflectiveObjects/GenericArrayTypeImpl
Event: 20.155 Loading class sun/reflect/generics/reflectiveObjects/GenericArrayTypeImpl done

Classes unloaded (0 events):
No events

Classes redefined (0 events):
No events

Internal exceptions (20 events):
Event: 15.907 Thread 0x000001fff22e86f0 Exception <a 'sun/nio/fs/WindowsException'{0x00000000c47fb0a8}> (0x00000000c47fb0a8) 
thrown [s\open\src\hotspot\share\prims\jni.cpp, line 520]
Event: 17.370 Thread 0x000001fff22e86f0 Exception <a 'java/lang/NoSuchMethodError'{0x00000000c56c1e20}: 'java.lang.Object java.lang.invoke.DirectMethodHandle$Holder.invokeStaticInit(java.lang.Object, java.lang.Object, java.lang.Object, java.lang.Object)'> (0x00000000c56c1e20) 
thrown [s\open\src\hotspot\share\interpreter\linkResolver.cpp, line 773]
Event: 17.418 Thread 0x000001fff22e86f0 Exception <a 'java/lang/NoSuchMethodError'{0x00000000c55d4c80}: 'int java.lang.invoke.Invokers$Holder.invokeExact_MT(java.lang.Object, java.lang.Object)'> (0x00000000c55d4c80) 
thrown [s\open\src\hotspot\share\interpreter\linkResolver.cpp, line 773]
Event: 18.703 Thread 0x000001fff22e86f0 Exception <a 'java/lang/IncompatibleClassChangeError'{0x00000000c5301528}: Found class java.lang.Object, but interface was expected> (0x00000000c5301528) 
thrown [s\open\src\hotspot\share\interpreter\linkResolver.cpp, line 840]
Event: 18.784 Thread 0x000001fff22e86f0 Exception <a 'java/lang/NoSuchMethodError'{0x00000000c53caaf0}: 'java.lang.Object java.lang.invoke.DirectMethodHandle$Holder.invokeStatic(java.lang.Object, java.lang.Object, int, java.lang.Object)'> (0x00000000c53caaf0) 
thrown [s\open\src\hotspot\share\interpreter\linkResolver.cpp, line 773]
Event: 18.785 Thread 0x000001fff22e86f0 Exception <a 'java/lang/NoSuchMethodError'{0x00000000c53ce348}: 'java.lang.Object java.lang.invoke.DirectMethodHandle$Holder.invokeStaticInit(java.lang.Object, java.lang.Object, int, java.lang.Object)'> (0x00000000c53ce348) 
thrown [s\open\src\hotspot\share\interpreter\linkResolver.cpp, line 773]
Event: 19.631 Thread 0x000001fff22e86f0 Exception <a 'java/lang/NoSuchMethodError'{0x00000000c54f2028}: 'void java.lang.invoke.DirectMethodHandle$Holder.invokeInterface(java.lang.Object, java.lang.Object, int, java.lang.Object)'> (0x00000000c54f2028) 
thrown [s\open\src\hotspot\share\interpreter\linkResolver.cpp, line 773]
Event: 19.638 Thread 0x000001fff22e86f0 Exception <a 'java/lang/NoSuchMethodError'{0x00000000c5315cd0}: 'java.lang.Object java.lang.invoke.DirectMethodHandle$Holder.newInvokeSpecial(java.lang.Object, java.lang.Object, int, java.lang.Object)'> (0x00000000c5315cd0) 
thrown [s\open\src\hotspot\share\interpreter\linkResolver.cpp, line 773]
Event: 19.671 Thread 0x000001fff22e86f0 Exception <a 'java/lang/NoSuchMethodError'{0x00000000c53e5b20}: 'void java.lang.invoke.DirectMethodHandle$Holder.invokeSpecial(java.lang.Object, java.lang.Object, java.lang.Object, java.lang.Object, java.lang.Object, java.lang.Object, java.lang.Object, java.lang.Object)'> (0x00000000c53e5b20) 
thrown [s\open\src\hotspot\share\interpreter\linkResolver.cpp, line 773]
Event: 19.679 Thread 0x000001fff22e86f0 Exception <a 'java/lang/NoSuchMethodError'{0x00000000c521ff48}: 'void java.lang.invoke.DirectMethodHandle$Holder.invokeSpecial(java.lang.Object, java.lang.Object, int, java.lang.Object)'> (0x00000000c521ff48) 
thrown [s\open\src\hotspot\share\interpreter\linkResolver.cpp, line 773]
Event: 19.679 Thread 0x000001fff22e86f0 Exception <a 'java/lang/NoSuchMethodError'{0x00000000c5226270}: 'java.lang.Object java.lang.invoke.DirectMethodHandle$Holder.newInvokeSpecial(java.lang.Object, java.lang.Object, int)'> (0x00000000c5226270) 
thrown [s\open\src\hotspot\share\interpreter\linkResolver.cpp, line 773]
Event: 19.727 Thread 0x000001fff22e86f0 Exception <a 'java/lang/NoSuchMethodError'{0x00000000c517b528}: 'int java.lang.invoke.DirectMethodHandle$Holder.invokeStatic(java.lang.Object, int, java.lang.Object)'> (0x00000000c517b528) 
thrown [s\open\src\hotspot\share\interpreter\linkResolver.cpp, line 773]
Event: 19.730 Thread 0x000001fff22e86f0 Exception <a 'java/lang/NoSuchMethodError'{0x00000000c5198a48}: 'java.lang.Object java.lang.invoke.DirectMethodHandle$Holder.newInvokeSpecial(java.lang.Object, java.lang.Object, java.lang.Object, java.lang.Object, java.lang.Object, int, java.lang.Object)'> (0x00000000c5198a48) 
thrown [s\open\src\hotspot\share\interpreter\linkResolver.cpp, line 773]
Event: 19.736 Thread 0x000001fff22e86f0 Exception <a 'java/lang/NoSuchMethodError'{0x00000000c51c9928}: 'java.lang.Object java.lang.invoke.Invokers$Holder.linkToTargetMethod(java.lang.Object, java.lang.Object, java.lang.Object, java.lang.Object, java.lang.Object, java.lang.Object, java.lang.Object, java.lang.Object, java.lang.Object, java.lang.Object, java.lang.Object, java.lang.Object)'> (0x00000000c51c9928) 
thrown [s\open\src\hotspot\share\interpreter\linkResolver.cpp, line 773]
Event: 19.786 Thread 0x000001fff22e86f0 Exception <a 'java/lang/IncompatibleClassChangeError'{0x00000000c4f3acb8}: Found class java.lang.Object, but interface was expected> (0x00000000c4f3acb8) 
thrown [s\open\src\hotspot\share\interpreter\linkResolver.cpp, line 840]
Event: 19.802 Thread 0x000001fff22e86f0 Exception <a 'java/lang/NoSuchMethodError'{0x00000000c4fafc90}: 'java.lang.Object java.lang.invoke.DirectMethodHandle$Holder.newInvokeSpecial(java.lang.Object, java.lang.Object, java.lang.Object, java.lang.Object, java.lang.Object, java.lang.Object, java.lang.Object, int)'> (0x00000000c4fafc90) 
thrown [s\open\src\hotspot\share\interpreter\linkResolver.cpp, line 773]
Event: 19.802 Thread 0x000001fff22e86f0 Exception <a 'java/lang/NoSuchMethodError'{0x00000000c4fb41f0}: 'java.lang.Object java.lang.invoke.DirectMethodHandle$Holder.invokeSpecial(java.lang.Object, java.lang.Object, java.lang.Object, java.lang.Object, java.lang.Object, java.lang.Object, java.lang.Object, java.lang.Object, int)'> (0x00000000c4fb41f0) 
thrown [s\open\src\hotspot\share\interpreter\linkResolver.cpp, line 773]
Event: 19.803 Thread 0x000001fff22e86f0 Exception <a 'java/lang/NoSuchMethodError'{0x00000000c4fb8208}: 'java.lang.Object java.lang.invoke.Invokers$Holder.linkToTargetMethod(java.lang.Object, java.lang.Object, java.lang.Object, java.lang.Object, java.lang.Object, java.lang.Object, int, java.lang.Object)'> (0x00000000c4fb8208) 
thrown [s\open\src\hotspot\share\interpreter\linkResolver.cpp, line 773]
Event: 20.132 Thread 0x000001fff22e86f0 Implicit null exception at 0x000001ff87d53b17 to 0x000001ff87d53d98
Event: 20.227 Thread 0x000001fff22e86f0 Exception <a 'java/lang/IncompatibleClassChangeError'{0x00000000c52b0b28}: Found class java.lang.Object, but interface was expected> (0x00000000c52b0b28) 
thrown [s\open\src\hotspot\share\interpreter\linkResolver.cpp, line 840]

ZGC Phase Switch (0 events):
No events

VM Operations (20 events):
Event: 17.890 Executing VM operation: Cleanup
Event: 17.918 Executing VM operation: Cleanup done
Event: 18.379 Executing VM operation: G1CollectForAllocation (G1 Evacuation Pause)
Event: 18.384 Executing VM operation: G1CollectForAllocation (G1 Evacuation Pause) done
Event: 19.234 Executing VM operation: HandshakeAllThreads (Deoptimize)
Event: 19.234 Executing VM operation: HandshakeAllThreads (Deoptimize) done
Event: 19.246 Executing VM operation: HandshakeAllThreads (Deoptimize)
Event: 19.246 Executing VM operation: HandshakeAllThreads (Deoptimize) done
Event: 19.306 Executing VM operation: HandshakeAllThreads (Deoptimize)
Event: 19.306 Executing VM operation: HandshakeAllThreads (Deoptimize) done
Event: 19.377 Executing VM operation: G1CollectForAllocation (G1 Evacuation Pause)
Event: 19.381 Executing VM operation: G1CollectForAllocation (G1 Evacuation Pause) done
Event: 19.843 Executing VM operation: CollectForMetadataAllocation (Metadata GC Threshold)
Event: 19.847 Executing VM operation: CollectForMetadataAllocation (Metadata GC Threshold) done
Event: 19.899 Executing VM operation: G1PauseRemark
Event: 19.905 Executing VM operation: G1PauseRemark done
Event: 19.929 Executing VM operation: G1PauseCleanup
Event: 19.929 Executing VM operation: G1PauseCleanup done
Event: 20.057 Executing VM operation: HandshakeAllThreads (Deoptimize)
Event: 20.057 Executing VM operation: HandshakeAllThreads (Deoptimize) done

Events (20 events):
Event: 19.903 Thread 0x000001ffd0126d30 flushing nmethod 0x000001ff807d5690
Event: 19.903 Thread 0x000001ffd0126d30 flushing nmethod 0x000001ff807d5990
Event: 19.903 Thread 0x000001ffd0126d30 flushing nmethod 0x000001ff807d5d10
Event: 19.903 Thread 0x000001ffd0126d30 flushing nmethod 0x000001ff807ed010
Event: 19.903 Thread 0x000001ffd0126d30 flushing nmethod 0x000001ff805c6510
Event: 19.903 Thread 0x000001ffd0126d30 flushing nmethod 0x000001ff805c7d10
Event: 19.903 Thread 0x000001ffd0126d30 flushing nmethod 0x000001ff80618890
Event: 19.903 Thread 0x000001ffd0126d30 flushing nmethod 0x000001ff8061ae10
Event: 19.903 Thread 0x000001ffd0126d30 flushing nmethod 0x000001ff80621690
Event: 19.903 Thread 0x000001ffd0126d30 flushing nmethod 0x000001ff80623690
Event: 19.903 Thread 0x000001ffd0126d30 flushing nmethod 0x000001ff8068a010
Event: 19.903 Thread 0x000001ffd0126d30 flushing nmethod 0x000001ff8068c890
Event: 19.903 Thread 0x000001ffd0126d30 flushing nmethod 0x000001ff806ead90
Event: 19.903 Thread 0x000001ffd0126d30 flushing nmethod 0x000001ff806f8390
Event: 19.903 Thread 0x000001ffd0126d30 flushing nmethod 0x000001ff806fb610
Event: 19.903 Thread 0x000001ffd0126d30 flushing nmethod 0x000001ff807c3690
Event: 19.903 Thread 0x000001ffd0126d30 flushing nmethod 0x000001ff807c3a90
Event: 19.903 Thread 0x000001ffd0126d30 flushing nmethod 0x000001ff807d6210
Event: 19.903 Thread 0x000001ffd0126d30 flushing nmethod 0x000001ff807d8990
Event: 19.903 Thread 0x000001ffd0126d30 flushing nmethod 0x000001ff807db710


Dynamic libraries:
0x00007ff7e7130000 - 0x00007ff7e7140000 	C:\Program Files\Java\jdk-21\bin\java.exe
0x00007ffe1ff60000 - 0x00007ffe201c5000 	C:\WINDOWS\SYSTEM32\ntdll.dll
0x00007ffe1e150000 - 0x00007ffe1e219000 	C:\WINDOWS\System32\KERNEL32.DLL
0x00007ffe1d630000 - 0x00007ffe1da18000 	C:\WINDOWS\System32\KERNELBASE.dll
0x00007ffe1d4e0000 - 0x00007ffe1d62b000 	C:\WINDOWS\System32\ucrtbase.dll
0x00007ffe00ae0000 - 0x00007ffe00af9000 	C:\Program Files\Java\jdk-21\bin\jli.dll
0x00007ffde7750000 - 0x00007ffde776b000 	C:\Program Files\Java\jdk-21\bin\VCRUNTIME140.dll
0x00007ffe1f5a0000 - 0x00007ffe1f653000 	C:\WINDOWS\System32\ADVAPI32.dll
0x00007ffe1f4d0000 - 0x00007ffe1f579000 	C:\WINDOWS\System32\msvcrt.dll
0x00007ffe1ee00000 - 0x00007ffe1eea6000 	C:\WINDOWS\System32\sechost.dll
0x00007ffe1eeb0000 - 0x00007ffe1efc5000 	C:\WINDOWS\System32\RPCRT4.dll
0x00007ffe1e6f0000 - 0x00007ffe1e8ba000 	C:\WINDOWS\System32\USER32.dll
0x00007ffe1dcd0000 - 0x00007ffe1dcf7000 	C:\WINDOWS\System32\win32u.dll
0x00007ffe1e6c0000 - 0x00007ffe1e6eb000 	C:\WINDOWS\System32\GDI32.dll
0x00007ffe1da20000 - 0x00007ffe1db57000 	C:\WINDOWS\System32\gdi32full.dll
0x00007ffe1dc20000 - 0x00007ffe1dcc3000 	C:\WINDOWS\System32\msvcp_win.dll
0x00007ffe067d0000 - 0x00007ffe06a6a000 	C:\WINDOWS\WinSxS\amd64_microsoft.windows.common-controls_6595b64144ccf1df_6.0.26100.4202_none_3e0698d4e335f517\COMCTL32.dll
0x00007ffe15b80000 - 0x00007ffe15b8b000 	C:\WINDOWS\SYSTEM32\VERSION.dll
0x00007ffe1dd80000 - 0x00007ffe1ddb0000 	C:\WINDOWS\System32\IMM32.DLL
0x00007ffe159b0000 - 0x00007ffe159bc000 	C:\Program Files\Java\jdk-21\bin\vcruntime140_1.dll
0x00007ffde6060000 - 0x00007ffde60ee000 	C:\Program Files\Java\jdk-21\bin\msvcp140.dll
0x00007ffd83920000 - 0x00007ffd84633000 	C:\Program Files\Java\jdk-21\bin\server\jvm.dll
0x00007ffe1dd00000 - 0x00007ffe1dd74000 	C:\WINDOWS\System32\WS2_32.dll
0x00007ffe1bcf0000 - 0x00007ffe1bd4e000 	C:\WINDOWS\SYSTEM32\POWRPROF.dll
0x00007ffe06da0000 - 0x00007ffe06dd5000 	C:\WINDOWS\SYSTEM32\WINMM.dll
0x00007ffe1bcd0000 - 0x00007ffe1bce4000 	C:\WINDOWS\SYSTEM32\UMPDC.dll
0x00007ffe1bf90000 - 0x00007ffe1bfab000 	C:\WINDOWS\SYSTEM32\kernel.appcore.dll
0x00007ffe15760000 - 0x00007ffe1576a000 	C:\Program Files\Java\jdk-21\bin\jimage.dll
0x00007ffe1a8a0000 - 0x00007ffe1aae1000 	C:\WINDOWS\SYSTEM32\DBGHELP.DLL
0x00007ffe1ddc0000 - 0x00007ffe1e145000 	C:\WINDOWS\System32\combase.dll
0x00007ffe1ea20000 - 0x00007ffe1eb01000 	C:\WINDOWS\System32\OLEAUT32.dll
0x00007ffdf06e0000 - 0x00007ffdf0719000 	C:\WINDOWS\SYSTEM32\dbgcore.DLL
0x00007ffe1d440000 - 0x00007ffe1d4d9000 	C:\WINDOWS\System32\bcryptPrimitives.dll
0x00007ffde7600000 - 0x00007ffde761f000 	C:\Program Files\Java\jdk-21\bin\java.dll
0x00007ffe1f660000 - 0x00007ffe1fda2000 	C:\WINDOWS\System32\SHELL32.dll
0x00007ffe1d230000 - 0x00007ffe1d3a4000 	C:\WINDOWS\System32\wintypes.dll
0x00007ffe1ad70000 - 0x00007ffe1b5c8000 	C:\WINDOWS\SYSTEM32\windows.storage.dll
0x00007ffe1efd0000 - 0x00007ffe1f0c1000 	C:\WINDOWS\System32\SHCORE.dll
0x00007ffe1feb0000 - 0x00007ffe1ff1a000 	C:\WINDOWS\System32\shlwapi.dll
0x00007ffe1cfc0000 - 0x00007ffe1cfef000 	C:\WINDOWS\SYSTEM32\profapi.dll
0x00007ffde6150000 - 0x00007ffde6227000 	C:\Program Files\Java\jdk-21\bin\jsvml.dll
0x00007ffe14b60000 - 0x00007ffe14b70000 	C:\Program Files\Java\jdk-21\bin\net.dll
0x00007ffe15590000 - 0x00007ffe156ae000 	C:\WINDOWS\SYSTEM32\WINHTTP.dll
0x00007ffe1c500000 - 0x00007ffe1c56a000 	C:\WINDOWS\system32\mswsock.dll
0x00007ffde7530000 - 0x00007ffde7546000 	C:\Program Files\Java\jdk-21\bin\nio.dll
0x00007ffde7510000 - 0x00007ffde7528000 	C:\Program Files\Java\jdk-21\bin\zip.dll
0x00007ffe0e8e0000 - 0x00007ffe0e8ee000 	C:\Program Files\Java\jdk-21\bin\sunmscapi.dll
0x00007ffe1d0b0000 - 0x00007ffe1d227000 	C:\WINDOWS\System32\CRYPT32.dll
0x00007ffe1c9d0000 - 0x00007ffe1ca00000 	C:\WINDOWS\SYSTEM32\ncrypt.dll
0x00007ffe1c980000 - 0x00007ffe1c9bf000 	C:\WINDOWS\SYSTEM32\NTASN1.dll
0x00007ffe1c7c0000 - 0x00007ffe1c7db000 	C:\WINDOWS\SYSTEM32\CRYPTSP.dll
0x00007ffe1bef0000 - 0x00007ffe1bf2a000 	C:\WINDOWS\system32\rsaenh.dll
0x00007ffe1c5a0000 - 0x00007ffe1c5cb000 	C:\WINDOWS\SYSTEM32\USERENV.dll
0x00007ffe1cf90000 - 0x00007ffe1cfb6000 	C:\WINDOWS\SYSTEM32\bcrypt.dll
0x00007ffe1c7b0000 - 0x00007ffe1c7bc000 	C:\WINDOWS\SYSTEM32\CRYPTBASE.dll
0x00007ffe1ba70000 - 0x00007ffe1baa3000 	C:\WINDOWS\SYSTEM32\IPHLPAPI.DLL
0x00007ffe1eb10000 - 0x00007ffe1eb1a000 	C:\WINDOWS\System32\NSI.dll
0x00007ffe02440000 - 0x00007ffe0244a000 	C:\Program Files\Java\jdk-21\bin\management.dll
0x00007ffe00980000 - 0x00007ffe0098b000 	C:\Program Files\Java\jdk-21\bin\management_ext.dll
0x00007ffe1f590000 - 0x00007ffe1f598000 	C:\WINDOWS\System32\PSAPI.DLL
0x00007ffe02970000 - 0x00007ffe02980000 	C:\Program Files\Java\jdk-21\bin\verify.dll
0x00007ffe1bab0000 - 0x00007ffe1bbd7000 	C:\WINDOWS\SYSTEM32\DNSAPI.dll
0x00007ffe0daf0000 - 0x00007ffe0dafb000 	C:\Windows\System32\rasadhlp.dll
0x00007ffe149e0000 - 0x00007ffe14a66000 	C:\WINDOWS\System32\fwpuclnt.dll
0x00007ffe00a80000 - 0x00007ffe00a89000 	C:\Program Files\Java\jdk-21\bin\extnet.dll

dbghelp: loaded successfully - version: 4.0.5 - missing functions: none
symbol engine: initialized successfully - sym options: 0x614 - pdb path: .;C:\Program Files\Java\jdk-21\bin;C:\WINDOWS\SYSTEM32;C:\WINDOWS\WinSxS\amd64_microsoft.windows.common-controls_6595b64144ccf1df_6.0.26100.4202_none_3e0698d4e335f517;C:\Program Files\Java\jdk-21\bin\server

VM Arguments:
jvm_args: -XX:+ShowCodeDetailsInExceptionMessages 
java_command: com.example.springrestapp.SpringrestappApplication
java_class_path (initial): C:\Users\Juned Alam\Desktop\SpringRest\SpringRest\springrestapp\target\classes;C:\Users\Juned Alam\.m2\repository\org\springframework\boot\spring-boot-starter-validation\3.5.0\spring-boot-starter-validation-3.5.0.jar;C:\Users\Juned Alam\.m2\repository\org\springframework\boot\spring-boot-starter\3.5.0\spring-boot-starter-3.5.0.jar;C:\Users\Juned Alam\.m2\repository\org\springframework\boot\spring-boot\3.5.0\spring-boot-3.5.0.jar;C:\Users\Juned Alam\.m2\repository\org\springframework\boot\spring-boot-autoconfigure\3.5.0\spring-boot-autoconfigure-3.5.0.jar;C:\Users\Juned Alam\.m2\repository\org\springframework\boot\spring-boot-starter-logging\3.5.0\spring-boot-starter-logging-3.5.0.jar;C:\Users\Juned Alam\.m2\repository\ch\qos\logback\logback-classic\1.5.18\logback-classic-1.5.18.jar;C:\Users\Juned Alam\.m2\repository\ch\qos\logback\logback-core\1.5.18\logback-core-1.5.18.jar;C:\Users\Juned Alam\.m2\repository\org\apache\logging\log4j\log4j-to-slf4j\2.24.3\log4j-to-slf4j-2.24.3.jar;C:\Users\Juned Alam\.m2\repository\org\apache\logging\log4j\log4j-api\2.24.3\log4j-api-2.24.3.jar;C:\Users\Juned Alam\.m2\repository\org\slf4j\jul-to-slf4j\2.0.17\jul-to-slf4j-2.0.17.jar;C:\Users\Juned Alam\.m2\repository\jakarta\annotation\jakarta.annotation-api\2.1.1\jakarta.annotation-api-2.1.1.jar;C:\Users\Juned Alam\.m2\repository\org\yaml\snakeyaml\2.4\snakeyaml-2.4.jar;C:\Users\Juned Alam\.m2\repository\org\apache\tomcat\embed\tomcat-embed-el\10.1.41\tomcat-embed-el-10.1.41.jar;C:\Users\Juned Alam\.m2\repository\org\hibernate\validator\hibernate-validator\8.0.2.Final\hibernate-validator-8.0.2.Final.jar;C:\Users\Juned Alam\.m2\repository\jakarta\validation\jakarta.validation-api\3.0.2\jakarta.validation-api-3.0.2.jar;C:\Users\Juned Alam\.m2\repository\org\jboss\logging\jboss-logging\3.6.1.Final\jboss-logging-3.6.1.Final.jar;C:\Users\Juned Alam\.m2\repository\com\fasterxml\classmate\1.7.0\classmate-1.7.0.jar;C:\Users\Juned Alam\.m2\repository\org\springframework\boot\spring-boot-starter-data-jpa\3.5.0\spring-boot-starter-data-jpa-3.5.0.jar;C:\Users\Juned Alam\.m2\repository\org\springframework\boot\spring-boot-starter-jdbc\3.5.0\spring-boot-starter-jdbc-3.5.0.jar;C:\Users\Juned Alam\.m2\repository\com\zaxxer\HikariCP\6.3.0\HikariCP-6.3.0.jar;C:\Users\Juned Alam\.m2\repository\org\springframework\spring-jdbc\6.2.7\spring-jdbc-6.2.7.jar;C:\Users\Juned Alam\.m2\repository\org\hibernate\orm\hibernate-core\6.6.15.Final\hibernate-core-6.6.15.Final.jar;C:\Users\Juned Alam\.m2\repository\jakarta\persistence\jakarta.persistence-api\3.1.0\jakarta.persistence-api-3.1.0.jar;C:\Users\Juned Alam\.m2\repository\jakarta\transaction\jakarta.transaction-api\2.0.1\jakarta.transaction-api-2.0.1.jar;C:\Users\Juned Alam\.m2\repository\org\hibernate\common\hibernate-commons-annotations\7.0.3.Final\hibernate-commons-annotations-7.0.3.Final.jar;C:\Users\Juned Alam\.m2\repository\io\smallrye\jandex\3.2.0\jandex-3.2.0.jar;C:\Users\Juned Alam\.m2\repository\net\bytebuddy\byte-buddy\1.17.5\byte-buddy-1.17.5.jar;C:\Users\Juned Alam\.m2\repository\org\glassfish\jaxb\jaxb-runtime\4.0.5\jaxb-runtime-4.0.5.jar;C:\Users\Juned Alam\.m2\repository\org\glassfish\jaxb\jaxb-core\4.0.5\jaxb-core-4.0.5.jar;C:\Users\Juned Alam\.m2\repository\org\eclipse\angus\angus-activation\2.0.2\angus-activation-2.0.2.jar;C:\Users\Juned Alam\.m2\repository\org\glassfish\jaxb\txw2\4.0.5\txw2-4.0.5.jar;C:\Users\Juned Alam\.m2\repository\com\sun\istack\istack-commons-runtime\4.1.2\istack-commons-runtime-4.1.2.jar;C:\Users\Juned Alam\.m2\repository\jakarta\inject\jakarta.inject-api\2.0.1\jakarta.inject-api-2.0.1.jar;C:\Users\Juned Alam\.m2\repository\org\antlr\antlr4-runtime\4.13.0\antlr4-runtime-4.13.0.jar;C:\Users\Juned Alam\.m2\repository\org\springframework\data\spring-data-jpa\3.5.0\spring-data-jpa-3.5.0.jar;C:\Users\Juned Alam\.m2\repository\org\springframework\data\spring-data-commons\3.5.0\spring-data-commons-3.5.0.jar;C:\Users\Juned Alam\.m2\repository\org\springframework\spring-orm\6.2.7\spring-orm-6.2.7.jar;C:\Users\Juned Alam\.m2\repository\org\springframework\spring-context\6.2.7\spring-context-6.2.7.jar;C:\Users\Juned Alam\.m2\repository\org\springframework\spring-aop\6.2.7\spring-aop-6.2.7.jar;C:\Users\Juned Alam\.m2\repository\org\springframework\spring-tx\6.2.7\spring-tx-6.2.7.jar;C:\Users\Juned Alam\.m2\repository\org\springframework\spring-beans\6.2.7\spring-beans-6.2.7.jar;C:\Users\Juned Alam\.m2\repository\org\slf4j\slf4j-api\2.0.17\slf4j-api-2.0.17.jar;C:\Users\Juned Alam\.m2\repository\org\springframework\spring-aspects\6.2.7\spring-aspects-6.2.7.jar;C:\Users\Juned Alam\.m2\repository\org\aspectj\aspectjweaver\1.9.24\aspectjweaver-1.9.24.jar;C:\Users\Juned Alam\.m2\repository\org\springframework\boot\spring-boot-starter-web\3.5.0\spring-boot-starter-web-3.5.0.jar;C:\Users\Juned Alam\.m2\repository\org\springframework\boot\spring-boot-starter-json\3.5.0\spring-boot-starter-json-3.5.0.jar;C:\Users\Juned Alam\.m2\repository\com\fasterxml\jackson\core\jackson-databind\2.19.0\jackson-databind-2.19.0.jar;C:\Users\Juned Alam\.m2\repository\com\fasterxml\jackson\core\jackson-annotations\2.19.0\jackson-annotations-2.19.0.jar;C:\Users\Juned Alam\.m2\repository\com\fasterxml\jackson\core\jackson-core\2.19.0\jackson-core-2.19.0.jar;C:\Users\Juned Alam\.m2\repository\com\fasterxml\jackson\datatype\jackson-datatype-jdk8\2.19.0\jackson-datatype-jdk8-2.19.0.jar;C:\Users\Juned Alam\.m2\repository\com\fasterxml\jackson\datatype\jackson-datatype-jsr310\2.19.0\jackson-datatype-jsr310-2.19.0.jar;C:\Users\Juned Alam\.m2\repository\com\fasterxml\jackson\module\jackson-module-parameter-names\2.19.0\jackson-module-parameter-names-2.19.0.jar;C:\Users\Juned Alam\.m2\repository\org\springframework\boot\spring-boot-starter-tomcat\3.5.0\spring-boot-starter-tomcat-3.5.0.jar;C:\Users\Juned Alam\.m2\repository\org\apache\tomcat\embed\tomcat-embed-core\10.1.41\tomcat-embed-core-10.1.41.jar;C:\Users\Juned Alam\.m2\repository\org\apache\tomcat\embed\tomcat-embed-websocket\10.1.41\tomcat-embed-websocket-10.1.41.jar;C:\Users\Juned Alam\.m2\repository\org\springframework\spring-web\6.2.7\spring-web-6.2.7.jar;C:\Users\Juned Alam\.m2\repository\io\micrometer\micrometer-observation\1.15.0\micrometer-observation-1.15.0.jar;C:\Users\Juned Alam\.m2\repository\io\micrometer\micrometer-commons\1.15.0\micrometer-commons-1.15.0.jar;C:\Users\Juned Alam\.m2\repository\org\springframework\spring-webmvc\6.2.7\spring-webmvc-6.2.7.jar;C:\Users\Juned Alam\.m2\repository\org\springframework\spring-expression\6.2.7\spring-expression-6.2.7.jar;C:\Users\Juned Alam\.m2\repository\com\mysql\mysql-connector-j\9.2.0\mysql-connector-j-9.2.0.jar;C:\Users\Juned Alam\.m2\repository\jakarta\xml\bind\jakarta.xml.bind-api\4.0.2\jakarta.xml.bind-api-4.0.2.jar;C:\Users\Juned Alam\.m2\repository\jakarta\activation\jakarta.activation-api\2.1.3\jakarta.activation-api-2.1.3.jar;C:\Users\Juned Alam\.m2\repository\org\springframework\spring-core\6.2.7\spring-core-6.2.7.jar;C:\Users\Juned Alam\.m2\repository\org\springframework\spring-jcl\6.2.7\spring-jcl-6.2.7.jar
Launcher Type: SUN_STANDARD

[Global flags]
     intx CICompilerCount                          = 3                                         {product} {ergonomic}
     uint ConcGCThreads                            = 1                                         {product} {ergonomic}
     uint G1ConcRefinementThreads                  = 4                                         {product} {ergonomic}
   size_t G1HeapRegionSize                         = 1048576                                   {product} {ergonomic}
    uintx GCDrainStackTargetSize                   = 64                                        {product} {ergonomic}
   size_t InitialHeapSize                          = 65011712                                  {product} {ergonomic}
   size_t MarkStackSize                            = 4194304                                   {product} {ergonomic}
   size_t MaxHeapSize                              = 1031798784                                {product} {ergonomic}
   size_t MaxNewSize                               = 618659840                                 {product} {ergonomic}
   size_t MinHeapDeltaBytes                        = 1048576                                   {product} {ergonomic}
   size_t MinHeapSize                              = 8388608                                   {product} {ergonomic}
    uintx NonNMethodCodeHeapSize                   = 5832780                                {pd product} {ergonomic}
    uintx NonProfiledCodeHeapSize                  = 122912730                              {pd product} {ergonomic}
    uintx ProfiledCodeHeapSize                     = 122912730                              {pd product} {ergonomic}
    uintx ReservedCodeCacheSize                    = 251658240                              {pd product} {ergonomic}
     bool SegmentedCodeCache                       = true                                      {product} {ergonomic}
     bool ShowCodeDetailsInExceptionMessages       = true                                   {manageable} {command line}
   size_t SoftMaxHeapSize                          = 1031798784                             {manageable} {ergonomic}
     bool UseCompressedOops                        = true                           {product lp64_product} {ergonomic}
     bool UseG1GC                                  = true                                      {product} {ergonomic}
     bool UseLargePagesIndividualAllocation        = false                                  {pd product} {ergonomic}

Logging:
Log output configuration:
 #0: stdout all=warning uptime,level,tags foldmultilines=false
 #1: stderr all=off uptime,level,tags foldmultilines=false

Environment Variables:
PATH=C:\Python313\Scripts\;C:\Python313\;C:\Ap\WINDOWS.X64_213000_db_home\bin;C:\App\db_home\bin;C:\Program Files\Common Files\Oracle\Java\javapath;C:\WINDOWS\system32;C:\WINDOWS;C:\WINDOWS\System32\Wbem;C:\WINDOWS\System32\WindowsPowerShell\v1.0\;C:\WINDOWS\System32\OpenSSH\;C:\Program Files\Java\jdk-1.8\bin;C:\Program Files\Java\jdk-21\bin;C:\Program Files\nodejs\;C:\ProgramData\chocolatey\bin;C:\Program Files\nodejs;C:\Program Files\Git\cmd;C:\Program Files\Git;C:\Program Files\MySQL\MySQL Server 8.0\bin;C:\Program Files\MySQL\MySQL Shell 8.0\bin\;C:\Users\Juned Alam\AppData\Local\Microsoft\WindowsApps;C:\Users\Juned Alam\AppData\Local\Programs\Microsoft VS Code\bin;C:\Users\Juned Alam\AppData\Roaming\npm
USERNAME=Juned Alam
LANG=en_US.UTF-8
OS=Windows_NT
PROCESSOR_IDENTIFIER=Intel64 Family 6 Model 142 Stepping 12, GenuineIntel
TMP=C:\Users\JUNEDA~1\AppData\Local\Temp
TEMP=C:\Users\JUNEDA~1\AppData\Local\Temp




Periodic native trim disabled

---------------  S Y S T E M  ---------------

OS:
 Windows 11 , 64 bit Build 26100 (10.0.26100.4202)
OS uptime: 0 days 0:45 hours

CPU: total 4 (initial active 4) (2 cores per cpu, 2 threads per core) family 6 model 142 stepping 12 microcode 0xf4, cx8, cmov, fxsr, ht, mmx, 3dnowpref, sse, sse2, sse3, ssse3, sse4.1, sse4.2, popcnt, lzcnt, tsc, tscinvbit, avx, avx2, aes, erms, clmul, bmi1, bmi2, adx, fma, vzeroupper, clflush, clflushopt, rdtscp, f16c
Processor Information for all 4 processors :
  Max Mhz: 2592, Current Mhz: 2093, Mhz Limit: 2073

Memory: 4k page, system-wide physical 3930M (326M free)
TotalPageFile size 16218M (AvailPageFile size 1M)
current process WorkingSet (physical memory assigned to process): 220M, peak: 220M
current process commit charge ("private bytes"): 254M, peak: 254M

vm_info: Java HotSpot(TM) 64-Bit Server VM (21.0.4+8-LTS-274) for windows-amd64 JRE (21.0.4+8-LTS-274), built on 2024-06-05T05:23:33Z by "mach5one" with MS VC++ 17.6 (VS2022)

END.
